<?xml version="1.0" encoding="UTF-8"?>
<!-- Generated by org.testng.reporters.JUnitReportReporter -->
<testsuite hostname="Pavilion" name="com.tata.selenium.test.supplierCostManagementCases.TC_01_SupplierCostMgmtUIValidation" tests="1" failures="0" timestamp="16 Dec 2017 17:41:25 GMT" time="48.286" errors="0">
  <testcase name="DO" time="48.286" classname="com.tata.selenium.test.supplierCostManagementCases.TC_01_SupplierCostMgmtUIValidation"/>
</testsuite> <!-- com.tata.selenium.test.supplierCostManagementCases.TC_01_SupplierCostMgmtUIValidation -->
