<?xml version="1.0" encoding="UTF-8"?>
<!-- Generated by org.testng.reporters.JUnitReportReporter -->
<testsuite hostname="Pavilion" name="com.tata.selenium.test.productCoverageCases.TC_001_ProductCoverageUIValidation" tests="3" failures="0" timestamp="17 Dec 2017 09:49:09 GMT" time="126.475" errors="0">
  <testcase name="DO" time="47.684" classname="com.tata.selenium.test.productCoverageCases.TC_001_ProductCoverageUIValidation"/>
  <testcase name="DO" time="34.639" classname="com.tata.selenium.test.productCoverageCases.TC_001_ProductCoverageUIValidation"/>
  <testcase name="DO" time="44.152" classname="com.tata.selenium.test.productCoverageCases.TC_001_ProductCoverageUIValidation"/>
</testsuite> <!-- com.tata.selenium.test.productCoverageCases.TC_001_ProductCoverageUIValidation -->
