<?xml version="1.0" encoding="UTF-8"?>
<!-- Generated by org.testng.reporters.JUnitReportReporter -->
<testsuite hostname="Pavilion" name="com.tata.selenium.test.supplierProvisioningCases.TC_06_LatestHistoryValidation" tests="1" failures="0" timestamp="16 Dec 2017 15:03:47 GMT" time="79.591" errors="0">
  <testcase name="DO" time="79.591" classname="com.tata.selenium.test.supplierProvisioningCases.TC_06_LatestHistoryValidation"/>
</testsuite> <!-- com.tata.selenium.test.supplierProvisioningCases.TC_06_LatestHistoryValidation -->
