<?xml version="1.0" encoding="UTF-8"?>
<!-- Generated by org.testng.reporters.JUnitReportReporter -->
<testsuite hostname="Pavilion" name="com.tata.selenium.test.supplierProvisioningCases.TC_12_TrafficTabValidation" tests="1" failures="0" timestamp="16 Dec 2017 16:05:54 GMT" time="64.921" errors="0">
  <testcase name="DO" time="64.921" classname="com.tata.selenium.test.supplierProvisioningCases.TC_12_TrafficTabValidation"/>
</testsuite> <!-- com.tata.selenium.test.supplierProvisioningCases.TC_12_TrafficTabValidation -->
