<?xml version="1.0" encoding="UTF-8"?>
<!-- Generated by org.testng.reporters.JUnitReportReporter -->
<testsuite hostname="Pavilion" name="com.tata.selenium.test.productProvisioningCases.TC_04_ProductProvisioningChangePriority" tests="1" failures="0" timestamp="17 Dec 2017 04:56:57 GMT" time="81.524" errors="0">
  <testcase name="DO" time="81.524" classname="com.tata.selenium.test.productProvisioningCases.TC_04_ProductProvisioningChangePriority"/>
</testsuite> <!-- com.tata.selenium.test.productProvisioningCases.TC_04_ProductProvisioningChangePriority -->
