<?xml version="1.0" encoding="UTF-8"?>
<!-- Generated by org.testng.reporters.JUnitReportReporter -->
<testsuite hostname="Pavilion" name="com.tata.selenium.test.supplierProvisioningCases.TC_09_NewSupplierAccountCreation" tests="1" failures="0" timestamp="16 Dec 2017 15:55:16 GMT" time="69.048" errors="0">
  <testcase name="DO" time="69.048" classname="com.tata.selenium.test.supplierProvisioningCases.TC_09_NewSupplierAccountCreation"/>
</testsuite> <!-- com.tata.selenium.test.supplierProvisioningCases.TC_09_NewSupplierAccountCreation -->
