<?xml version="1.0" encoding="UTF-8"?>
<!-- Generated by org.testng.reporters.JUnitReportReporter -->
<testsuite hostname="Pavilion" name="com.tata.selenium.test.supplierProvisioningCases.TC_04_SmppPasswordHostIPValidation" tests="1" failures="0" timestamp="16 Dec 2017 14:50:17 GMT" time="66.109" errors="0">
  <testcase name="DO" time="66.109" classname="com.tata.selenium.test.supplierProvisioningCases.TC_04_SmppPasswordHostIPValidation"/>
</testsuite> <!-- com.tata.selenium.test.supplierProvisioningCases.TC_04_SmppPasswordHostIPValidation -->
