<?xml version="1.0" encoding="UTF-8"?>
<!-- Generated by org.testng.reporters.JUnitReportReporter -->
<testsuite skipped="0" hostname="test-PC" name="com.tata.selenium.test.deliveryStatistics.TC_04_SelectCustomerAccount" tests="1" failures="0" timestamp="13 Jul 2017 12:38:09 GMT" time="93.789" errors="0">
  <testcase name="DO" time="93.789" classname="com.tata.selenium.test.deliveryStatistics.TC_04_SelectCustomerAccount"/>
</testsuite> <!-- com.tata.selenium.test.deliveryStatistics.TC_04_SelectCustomerAccount -->
