<?xml version="1.0" encoding="UTF-8"?>
<!-- Generated by org.testng.reporters.JUnitReportReporter -->
<testsuite hostname="Pavilion" name="com.tata.selenium.test.supplierProvisioningCases.TC_05_SupplierCreationNegativeValidation" tests="1" failures="0" timestamp="16 Dec 2017 15:01:32 GMT" time="68.200" errors="0">
  <testcase name="DO" time="68.200" classname="com.tata.selenium.test.supplierProvisioningCases.TC_05_SupplierCreationNegativeValidation"/>
</testsuite> <!-- com.tata.selenium.test.supplierProvisioningCases.TC_05_SupplierCreationNegativeValidation -->
