<?xml version="1.0" encoding="UTF-8"?>
<!-- Generated by org.testng.reporters.JUnitReportReporter -->
<testsuite hostname="Pavilion" name="com.tata.selenium.test.customerPriceMgmtCases.TC_01_CustomerPriceMgmtUIValidation" tests="1" failures="0" timestamp="18 Dec 2017 04:09:55 GMT" time="67.703" errors="0">
  <testcase name="DO" time="67.703" classname="com.tata.selenium.test.customerPriceMgmtCases.TC_01_CustomerPriceMgmtUIValidation"/>
</testsuite> <!-- com.tata.selenium.test.customerPriceMgmtCases.TC_01_CustomerPriceMgmtUIValidation -->
