<?xml version="1.0" encoding="UTF-8"?>
<!-- Generated by org.testng.reporters.JUnitReportReporter -->
<testsuite hostname="Pavilion" name="com.tata.selenium.test.supplierCostManagementCases.TC_03_SupplierCostMgmtAddCost" tests="1" failures="0" timestamp="16 Dec 2017 17:53:10 GMT" time="32.341" errors="0">
  <testcase name="DO" time="32.341" classname="com.tata.selenium.test.supplierCostManagementCases.TC_03_SupplierCostMgmtAddCost"/>
</testsuite> <!-- com.tata.selenium.test.supplierCostManagementCases.TC_03_SupplierCostMgmtAddCost -->
