<?xml version="1.0" encoding="UTF-8"?>
<!-- Generated by org.testng.reporters.JUnitReportReporter -->
<testsuite hostname="Pavilion" name="com.tata.selenium.test.supplierCoverageCases.TC_001_SupplierCoverageUIValidation" tests="3" failures="0" timestamp="16 Dec 2017 17:03:25 GMT" time="153.735" errors="0">
  <testcase name="DO" time="45.829" classname="com.tata.selenium.test.supplierCoverageCases.TC_001_SupplierCoverageUIValidation"/>
  <testcase name="DO" time="61.172" classname="com.tata.selenium.test.supplierCoverageCases.TC_001_SupplierCoverageUIValidation"/>
  <testcase name="DO" time="46.734" classname="com.tata.selenium.test.supplierCoverageCases.TC_001_SupplierCoverageUIValidation"/>
</testsuite> <!-- com.tata.selenium.test.supplierCoverageCases.TC_001_SupplierCoverageUIValidation -->
