<?xml version="1.0" encoding="UTF-8"?>
<!-- Generated by org.testng.reporters.JUnitReportReporter -->
<testsuite hostname="Pavilion" name="com.tata.selenium.test.ReceivablesCases.TC_02_ReceivablesUIValidationMobileLNS" tests="2" failures="0" timestamp="12 Aug 2017 07:31:24 GMT" time="89.852" errors="0">
  <testcase name="DO" time="37.268" classname="com.tata.selenium.test.ReceivablesCases.TC_02_ReceivablesUIValidationMobileLNS"/>
  <testcase name="DO" time="52.584" classname="com.tata.selenium.test.ReceivablesCases.TC_02_ReceivablesUIValidationMobileLNS"/>
</testsuite> <!-- com.tata.selenium.test.ReceivablesCases.TC_02_ReceivablesUIValidationMobileLNS -->
