<?xml version="1.0" encoding="UTF-8"?>
<!-- Generated by org.testng.reporters.JUnitReportReporter -->
<testsuite hostname="Pavilion" name="com.tata.selenium.test.inventoryNumberManagement.TC_06_ClearingResultsValidation" tests="1" failures="0" timestamp="17 Dec 2017 03:45:21 GMT" time="31.980" errors="0">
  <testcase name="DO" time="31.980" classname="com.tata.selenium.test.inventoryNumberManagement.TC_06_ClearingResultsValidation"/>
</testsuite> <!-- com.tata.selenium.test.inventoryNumberManagement.TC_06_ClearingResultsValidation -->
