<?xml version="1.0" encoding="UTF-8"?>
<!-- Generated by org.testng.reporters.JUnitReportReporter -->
<testsuite hostname="Pavilion" name="com.tata.selenium.test.supplierProvisioningCases.TC_03_SupplierCreationFormValidation" tests="1" failures="0" timestamp="15 Aug 2017 12:14:08 GMT" time="57.913" errors="0">
  <testcase name="DO" time="57.913" classname="com.tata.selenium.test.supplierProvisioningCases.TC_03_SupplierCreationFormValidation"/>
</testsuite> <!-- com.tata.selenium.test.supplierProvisioningCases.TC_03_SupplierCreationFormValidation -->
