<?xml version="1.0" encoding="UTF-8"?>
<!-- Generated by org.testng.reporters.JUnitReportReporter -->
<testsuite hostname="Pavilion" name="com.tata.selenium.test.supplierProvisioningCases.TC_11_InstanceSpecificParametersValidation" tests="1" failures="0" timestamp="16 Dec 2017 16:00:44 GMT" time="66.215" errors="0">
  <testcase name="DO" time="66.215" classname="com.tata.selenium.test.supplierProvisioningCases.TC_11_InstanceSpecificParametersValidation"/>
</testsuite> <!-- com.tata.selenium.test.supplierProvisioningCases.TC_11_InstanceSpecificParametersValidation -->
