<?xml version="1.0" encoding="UTF-8"?>
<!-- Generated by org.testng.reporters.JUnitReportReporter -->
<testsuite hostname="Pavilion" name="com.tata.selenium.test.customerPriceMgmtCases.TC_09_ValidateEqualPriceData" tests="1" failures="0" timestamp="18 Dec 2017 06:05:45 GMT" time="95.035" errors="0">
  <testcase name="DO" time="95.035" classname="com.tata.selenium.test.customerPriceMgmtCases.TC_09_ValidateEqualPriceData"/>
</testsuite> <!-- com.tata.selenium.test.customerPriceMgmtCases.TC_09_ValidateEqualPriceData -->
