<?xml version="1.0" encoding="UTF-8"?>
<!-- Generated by org.testng.reporters.JUnitReportReporter -->
<testsuite hostname="Pavilion" name="com.tata.selenium.test.supplierProvisioningCases.TC_05_SupplierCreationNegativeValidation" tests="1" failures="0" timestamp="15 Aug 2017 16:06:54 GMT" time="63.685" errors="0">
  <testcase name="DO" time="63.685" classname="com.tata.selenium.test.supplierProvisioningCases.TC_05_SupplierCreationNegativeValidation"/>
</testsuite> <!-- com.tata.selenium.test.supplierProvisioningCases.TC_05_SupplierCreationNegativeValidation -->
