<?xml version="1.0" encoding="UTF-8"?>
<!-- Generated by org.testng.reporters.JUnitReportReporter -->
<testsuite hostname="Pavilion" name="com.tata.selenium.test.supplierCoverageCases.TC_003_SupplierCoverageMOSMSAndMLNS" tests="2" failures="0" timestamp="16 Dec 2017 17:03:25 GMT" time="109.640" errors="0">
  <testcase name="DO" time="59.249" classname="com.tata.selenium.test.supplierCoverageCases.TC_003_SupplierCoverageMOSMSAndMLNS"/>
  <testcase name="DO" time="50.391" classname="com.tata.selenium.test.supplierCoverageCases.TC_003_SupplierCoverageMOSMSAndMLNS"/>
</testsuite> <!-- com.tata.selenium.test.supplierCoverageCases.TC_003_SupplierCoverageMOSMSAndMLNS -->
