<?xml version="1.0" encoding="UTF-8"?>
<!-- Generated by org.testng.reporters.JUnitReportReporter -->
<testsuite hostname="Pavilion" name="com.tata.selenium.test.customerPriceMgmtCases.TC_07_HistoryValidation" tests="1" failures="0" timestamp="18 Dec 2017 05:46:48 GMT" time="136.532" errors="0">
  <testcase name="DO" time="136.532" classname="com.tata.selenium.test.customerPriceMgmtCases.TC_07_HistoryValidation"/>
</testsuite> <!-- com.tata.selenium.test.customerPriceMgmtCases.TC_07_HistoryValidation -->
