<?xml version="1.0" encoding="UTF-8"?>
<!-- Generated by org.testng.reporters.JUnitReportReporter -->
<testsuite hostname="Pavilion" name="com.tata.com.selenium.test.RADailyReport.TC_02_RADailyReportUIValidationMOSMS" tests="1" failures="0" timestamp="13 Aug 2017 17:17:28 GMT" time="34.105" errors="0">
  <testcase name="DO" time="34.105" classname="com.tata.com.selenium.test.RADailyReport.TC_02_RADailyReportUIValidationMOSMS"/>
</testsuite> <!-- com.tata.com.selenium.test.RADailyReport.TC_02_RADailyReportUIValidationMOSMS -->
