<?xml version="1.0" encoding="UTF-8"?>
<!-- Generated by org.testng.reporters.JUnitReportReporter -->
<testsuite hostname="Pavilion" name="com.tata.selenium.test.supplierCoverageCases.TC_004_SupplierCoverageMTSMSEditableFunctionality" tests="1" failures="0" timestamp="16 Dec 2017 17:03:25 GMT" time="56.075" errors="0">
  <testcase name="DO" time="56.075" classname="com.tata.selenium.test.supplierCoverageCases.TC_004_SupplierCoverageMTSMSEditableFunctionality"/>
</testsuite> <!-- com.tata.selenium.test.supplierCoverageCases.TC_004_SupplierCoverageMTSMSEditableFunctionality -->
