<?xml version="1.0" encoding="UTF-8"?>
<!-- Generated by org.testng.reporters.JUnitReportReporter -->
<testsuite hostname="Pavilion" name="com.tata.selenium.test.inventoryNumberManagement.TC_01_InventoryUIValidation" tests="1" failures="0" timestamp="17 Dec 2017 03:10:44 GMT" time="66.726" errors="0">
  <testcase name="DO" time="66.726" classname="com.tata.selenium.test.inventoryNumberManagement.TC_01_InventoryUIValidation"/>
</testsuite> <!-- com.tata.selenium.test.inventoryNumberManagement.TC_01_InventoryUIValidation -->
