<?xml version="1.0" encoding="UTF-8"?>
<!-- Generated by org.testng.reporters.JUnitReportReporter -->
<testsuite hostname="Pavilion" name="com.tata.selenium.test.supplierProvisioningCases.TC_07_SupplierEditing" tests="1" failures="0" timestamp="15 Aug 2017 12:32:39 GMT" time="98.863" errors="0">
  <testcase name="DO" time="98.863" classname="com.tata.selenium.test.supplierProvisioningCases.TC_07_SupplierEditing"/>
</testsuite> <!-- com.tata.selenium.test.supplierProvisioningCases.TC_07_SupplierEditing -->
