<?xml version="1.0" encoding="UTF-8"?>
<!-- Generated by org.testng.reporters.JUnitReportReporter -->
<testsuite hostname="Pavilion" name="com.tata.com.selenium.test.RADailyReport.TC_01_RADailyReportUIValidationCases" tests="1" failures="0" timestamp="13 Aug 2017 17:17:28 GMT" time="43.237" errors="0">
  <testcase name="DO" time="43.237" classname="com.tata.com.selenium.test.RADailyReport.TC_01_RADailyReportUIValidationCases"/>
</testsuite> <!-- com.tata.com.selenium.test.RADailyReport.TC_01_RADailyReportUIValidationCases -->
