<?xml version="1.0" encoding="UTF-8"?>
<!-- Generated by org.testng.reporters.JUnitReportReporter -->
<testsuite hostname="Pavilion" name="com.tata.selenium.test.supplierProvisioningCases.TC_07_SupplierEditing" tests="1" failures="0" timestamp="16 Dec 2017 15:46:11 GMT" time="90.903" errors="0">
  <testcase name="DO" time="90.903" classname="com.tata.selenium.test.supplierProvisioningCases.TC_07_SupplierEditing"/>
</testsuite> <!-- com.tata.selenium.test.supplierProvisioningCases.TC_07_SupplierEditing -->
