<?xml version="1.0" encoding="UTF-8"?>
<!-- Generated by org.testng.reporters.JUnitReportReporter -->
<testsuite hostname="Pavilion" name="com.tata.selenium.test.ReceivablesCases.TC_01_ReceivablesUIValidation" tests="1" failures="0" timestamp="12 Aug 2017 07:31:24 GMT" time="62.188" errors="0">
  <testcase name="DO" time="62.188" classname="com.tata.selenium.test.ReceivablesCases.TC_01_ReceivablesUIValidation"/>
</testsuite> <!-- com.tata.selenium.test.ReceivablesCases.TC_01_ReceivablesUIValidation -->
