<?xml version="1.0" encoding="UTF-8"?>
<!-- Generated by org.testng.reporters.JUnitReportReporter -->
<testsuite hostname="Pavilion" name="com.tata.selenium.test.productProvisioningCases.TC_05_ProductProvisioningMTSMSGatewayValidation" tests="1" failures="0" timestamp="17 Dec 2017 06:39:21 GMT" time="39.212" errors="0">
  <testcase name="DO" time="39.212" classname="com.tata.selenium.test.productProvisioningCases.TC_05_ProductProvisioningMTSMSGatewayValidation"/>
</testsuite> <!-- com.tata.selenium.test.productProvisioningCases.TC_05_ProductProvisioningMTSMSGatewayValidation -->
