<?xml version="1.0" encoding="UTF-8"?>
<!-- Generated by org.testng.reporters.JUnitReportReporter -->
<testsuite hostname="Pavilion" name="com.tata.selenium.test.productProvisioningCases.TC_07_ProductCreation" tests="1" failures="0" timestamp="17 Dec 2017 08:40:22 GMT" time="100.034" errors="0">
  <testcase name="DO" time="100.034" classname="com.tata.selenium.test.productProvisioningCases.TC_07_ProductCreation"/>
</testsuite> <!-- com.tata.selenium.test.productProvisioningCases.TC_07_ProductCreation -->
