<?xml version="1.0" encoding="UTF-8"?>
<!-- Generated by org.testng.reporters.JUnitReportReporter -->
<testsuite hostname="Pavilion" name="com.tata.selenium.test.productProvisioningCases.TC_06_ProductProvisioningMOLNSDisabledValidations" tests="1" failures="0" timestamp="17 Dec 2017 06:41:39 GMT" time="40.147" errors="0">
  <testcase name="DO" time="40.147" classname="com.tata.selenium.test.productProvisioningCases.TC_06_ProductProvisioningMOLNSDisabledValidations"/>
</testsuite> <!-- com.tata.selenium.test.productProvisioningCases.TC_06_ProductProvisioningMOLNSDisabledValidations -->
