<?xml version="1.0" encoding="UTF-8"?>
<!-- Generated by org.testng.reporters.JUnitReportReporter -->
<testsuite hostname="Pavilion" name="com.tata.selenium.test.productProvisioningCases.TC_08_VerifyExcel" tests="1" failures="0" timestamp="17 Dec 2017 09:15:00 GMT" time="41.103" errors="0">
  <testcase name="DO" time="41.103" classname="com.tata.selenium.test.productProvisioningCases.TC_08_VerifyExcel"/>
</testsuite> <!-- com.tata.selenium.test.productProvisioningCases.TC_08_VerifyExcel -->
