<?xml version="1.0" encoding="UTF-8"?>
<!-- Generated by org.testng.reporters.JUnitReportReporter -->
<testsuite hostname="Pavilion" name="com.tata.selenium.test.productPriceManagement.TC_03_LatestHistoryValidation" tests="1" failures="0" timestamp="17 Dec 2017 11:05:51 GMT" time="51.003" errors="0">
  <testcase name="DO" time="51.003" classname="com.tata.selenium.test.productPriceManagement.TC_03_LatestHistoryValidation"/>
</testsuite> <!-- com.tata.selenium.test.productPriceManagement.TC_03_LatestHistoryValidation -->
