<?xml version="1.0" encoding="UTF-8"?>
<!-- Generated by org.testng.reporters.JUnitReportReporter -->
<testsuite hostname="Pavilion" name="com.tata.selenium.test.supplierCostManagementCases.TC_04_SupplierCostMgmtHistoryValildation" tests="1" failures="0" timestamp="16 Dec 2017 18:18:13 GMT" time="44.887" errors="0">
  <testcase name="DO" time="44.887" classname="com.tata.selenium.test.supplierCostManagementCases.TC_04_SupplierCostMgmtHistoryValildation"/>
</testsuite> <!-- com.tata.selenium.test.supplierCostManagementCases.TC_04_SupplierCostMgmtHistoryValildation -->
