<?xml version="1.0" encoding="UTF-8"?>
<!-- Generated by org.testng.reporters.JUnitReportReporter -->
<testsuite hostname="Pavilion" name="com.tata.selenium.test.supplierProvisioningCases.TC_01_SupplierProvisioningUIValidation" tests="1" failures="0" timestamp="15 Aug 2017 12:05:44 GMT" time="57.831" errors="0">
  <testcase name="DO" time="57.831" classname="com.tata.selenium.test.supplierProvisioningCases.TC_01_SupplierProvisioningUIValidation"/>
</testsuite> <!-- com.tata.selenium.test.supplierProvisioningCases.TC_01_SupplierProvisioningUIValidation -->
