<?xml version="1.0" encoding="UTF-8"?>
<!-- Generated by org.testng.reporters.JUnitReportReporter -->
<testsuite hostname="Pavilion" name="com.tata.selenium.test.deliveryStatistics.TC_01_DeliveryStatisticsUIValidation" tests="1" failures="0" timestamp="15 Dec 2017 18:10:22 GMT" time="54.559" errors="0">
  <testcase name="DO2" time="54.559" classname="com.tata.selenium.test.deliveryStatistics.TC_01_DeliveryStatisticsUIValidation"/>
</testsuite> <!-- com.tata.selenium.test.deliveryStatistics.TC_01_DeliveryStatisticsUIValidation -->
