<?xml version="1.0" encoding="UTF-8"?>
<!-- Generated by org.testng.reporters.JUnitReportReporter -->
<testsuite hostname="Pavilion" name="com.tata.selenium.test.inventoryNumberManagement.TC_07_DisplayResultsBasedOn_Input" tests="1" failures="0" timestamp="17 Dec 2017 03:45:21 GMT" time="70.490" errors="0">
  <testcase name="DO" time="70.490" classname="com.tata.selenium.test.inventoryNumberManagement.TC_07_DisplayResultsBasedOn_Input"/>
</testsuite> <!-- com.tata.selenium.test.inventoryNumberManagement.TC_07_DisplayResultsBasedOn_Input -->
