<?xml version="1.0" encoding="UTF-8"?>
<!-- Generated by org.testng.reporters.JUnitReportReporter -->
<testsuite hostname="Pavilion" name="com.tata.selenium.test.supplierProvisioningCases.TC_020_SupplierCreation" tests="1" failures="0" timestamp="16 Dec 2017 14:42:59 GMT" time="77.285" errors="0">
  <testcase name="DO" time="77.285" classname="com.tata.selenium.test.supplierProvisioningCases.TC_020_SupplierCreation"/>
</testsuite> <!-- com.tata.selenium.test.supplierProvisioningCases.TC_020_SupplierCreation -->
