<?xml version="1.0" encoding="UTF-8"?>
<!-- Generated by org.testng.reporters.JUnitReportReporter -->
<testsuite hostname="Pavilion" name="com.tata.selenium.test.customerPriceMgmtCases.TC_11_MOSMSUIValidation" tests="1" failures="0" timestamp="18 Dec 2017 06:23:11 GMT" time="56.184" errors="0">
  <testcase name="DO" time="56.184" classname="com.tata.selenium.test.customerPriceMgmtCases.TC_11_MOSMSUIValidation"/>
</testsuite> <!-- com.tata.selenium.test.customerPriceMgmtCases.TC_11_MOSMSUIValidation -->
